<?xml version="1.0" encoding="UTF-8"?>
<testsuite name="poly.RatNumSmallTest" tests="36" skipped="0" failures="0" errors="0" timestamp="2022-01-28T06:09:41" hostname="ddd.local" time="0.123">
  <properties/>
  <testcase name="testTwoArgConstructor" classname="poly.RatNumSmallTest" time="0.009"/>
  <testcase name="testAddImproper" classname="poly.RatNumSmallTest" time="0.02"/>
  <testcase name="testToStringSimple" classname="poly.RatNumSmallTest" time="0.001"/>
  <testcase name="testDivComplex" classname="poly.RatNumSmallTest" time="0.001"/>
  <testcase name="testIsPosAndIsNeg" classname="poly.RatNumSmallTest" time="0.003"/>
  <testcase name="testCompareToFract" classname="poly.RatNumSmallTest" time="0.002"/>
  <testcase name="testMulProperties" classname="poly.RatNumSmallTest" time="0.001"/>
  <testcase name="testDivSimple" classname="poly.RatNumSmallTest" time="0.001"/>
  <testcase name="testMulSimple" classname="poly.RatNumSmallTest" time="0.002"/>
  <testcase name="testToStringNaN" classname="poly.RatNumSmallTest" time="0.001"/>
  <testcase name="testAddTransitively" classname="poly.RatNumSmallTest" time="0.001"/>
  <testcase name="testSubComplex" classname="poly.RatNumSmallTest" time="0.0"/>
  <testcase name="testIsNaN" classname="poly.RatNumSmallTest" time="0.0"/>
  <testcase name="testCompareToReflexive" classname="poly.RatNumSmallTest" time="0.0"/>
  <testcase name="testCompareToNonFract" classname="poly.RatNumSmallTest" time="0.003"/>
  <testcase name="testAddOnNaN" classname="poly.RatNumSmallTest" time="0.005"/>
  <testcase name="testEqualsReflexive" classname="poly.RatNumSmallTest" time="0.001"/>
  <testcase name="testDivTransitively" classname="poly.RatNumSmallTest" time="0.006"/>
  <testcase name="testValueOf" classname="poly.RatNumSmallTest" time="0.001"/>
  <testcase name="testMulComplex" classname="poly.RatNumSmallTest" time="0.001"/>
  <testcase name="testSubImproper" classname="poly.RatNumSmallTest" time="0.001"/>
  <testcase name="testSubSimple" classname="poly.RatNumSmallTest" time="0.001"/>
  <testcase name="testSubTransitively" classname="poly.RatNumSmallTest" time="0.001"/>
  <testcase name="testAddSimple" classname="poly.RatNumSmallTest" time="0.001"/>
  <testcase name="testCompareToNaNs" classname="poly.RatNumSmallTest" time="0.001"/>
  <testcase name="testDivOnNaN" classname="poly.RatNumSmallTest" time="0.003"/>
  <testcase name="testApprox" classname="poly.RatNumSmallTest" time="0.007"/>
  <testcase name="testEquals" classname="poly.RatNumSmallTest" time="0.009"/>
  <testcase name="testMulOnNaN" classname="poly.RatNumSmallTest" time="0.002"/>
  <testcase name="testMulTransitively" classname="poly.RatNumSmallTest" time="0.002"/>
  <testcase name="testMulImproper" classname="poly.RatNumSmallTest" time="0.002"/>
  <testcase name="testNegate" classname="poly.RatNumSmallTest" time="0.001"/>
  <testcase name="testDivImproper" classname="poly.RatNumSmallTest" time="0.001"/>
  <testcase name="testToStringFractions" classname="poly.RatNumSmallTest" time="0.0"/>
  <testcase name="testOneArgConstructor" classname="poly.RatNumSmallTest" time="0.02"/>
  <testcase name="testAddComplex" classname="poly.RatNumSmallTest" time="0.001"/>
  <system-out><![CDATA[]]></system-out>
  <system-err><![CDATA[]]></system-err>
</testsuite>
