<?xml version="1.0" encoding="UTF-8"?>
<testsuite name="pathfinder.junitTests.PathfinderTest" tests="5" skipped="0" failures="0" errors="0" timestamp="2022-02-25T22:26:25" hostname="ddd.local" time="0.003">
  <properties/>
  <testcase name="testFindNullPath" classname="pathfinder.junitTests.PathfinderTest" time="0.001"/>
  <testcase name="testFindPathNullPoint1" classname="pathfinder.junitTests.PathfinderTest" time="0.001"/>
  <testcase name="testFindPathNullPoint2" classname="pathfinder.junitTests.PathfinderTest" time="0.0"/>
  <testcase name="testFindPathNotHas1" classname="pathfinder.junitTests.PathfinderTest" time="0.0"/>
  <testcase name="testFindPathNotHas2" classname="pathfinder.junitTests.PathfinderTest" time="0.001"/>
  <system-out><![CDATA[]]></system-out>
  <system-err><![CDATA[]]></system-err>
</testsuite>
