<?xml version="1.0" encoding="UTF-8"?>
<testsuite name="pathfinder.junitTests.textInterface.TestTextInterfaceView" tests="2" skipped="0" failures="0" errors="0" timestamp="2022-02-25T22:26:25" hostname="ddd.local" time="0.001">
  <properties/>
  <testcase name="testBlockingInputWithoutHandler" classname="pathfinder.junitTests.textInterface.TestTextInterfaceView" time="0.001"/>
  <testcase name="testBeginWithoutHandler" classname="pathfinder.junitTests.textInterface.TestTextInterfaceView" time="0.0"/>
  <system-out><![CDATA[]]></system-out>
  <system-err><![CDATA[]]></system-err>
</testsuite>
