<?xml version="1.0" encoding="UTF-8"?>
<testsuite name="setup.RandomHelloTest" tests="2" skipped="0" failures="0" errors="0" timestamp="2022-01-21T05:29:03" hostname="ddd.local" time="0.004">
  <properties/>
  <testcase name="testGreetings" classname="setup.RandomHelloTest" time="0.003"/>
  <testcase name="testCrash" classname="setup.RandomHelloTest" time="0.001"/>
  <system-out><![CDATA[Hola Mundo
]]></system-out>
  <system-err><![CDATA[]]></system-err>
</testsuite>
