<?xml version="1.0" encoding="UTF-8"?>
<testsuite name="setup.HolaWorldTest" tests="3" skipped="0" failures="0" errors="0" timestamp="2022-01-21T05:29:03" hostname="ddd.local" time="0.01">
  <properties/>
  <testcase name="testCrash" classname="setup.HolaWorldTest" time="0.004"/>
  <testcase name="testMainOutput" classname="setup.HolaWorldTest" time="0.005"/>
  <testcase name="testGreeting" classname="setup.HolaWorldTest" time="0.001"/>
  <system-out><![CDATA[Hello World!
Hola Mundo!
]]></system-out>
  <system-err><![CDATA[]]></system-err>
</testsuite>
