<?xml version="1.0" encoding="UTF-8"?>
<testsuite name="setup.BallContainerTest" tests="8" skipped="0" failures="0" errors="0" timestamp="2022-01-21T05:29:03" hostname="ddd.local" time="0.006">
  <properties/>
  <testcase name="testAdd" classname="setup.BallContainerTest" time="0.0"/>
  <testcase name="testClear" classname="setup.BallContainerTest" time="0.001"/>
  <testcase name="testSize" classname="setup.BallContainerTest" time="0.0"/>
  <testcase name="testVolumeAfterClear" classname="setup.BallContainerTest" time="0.001"/>
  <testcase name="testContains" classname="setup.BallContainerTest" time="0.0"/>
  <testcase name="testRemove" classname="setup.BallContainerTest" time="0.0"/>
  <testcase name="testVolume" classname="setup.BallContainerTest" time="0.0"/>
  <testcase name="testIterator" classname="setup.BallContainerTest" time="0.002"/>
  <system-out><![CDATA[]]></system-out>
  <system-err><![CDATA[]]></system-err>
</testsuite>
