<?xml version="1.0" encoding="UTF-8"?>
<testsuite name="setup.BallTest" tests="1" skipped="0" failures="0" errors="0" timestamp="2022-01-21T05:29:03" hostname="ddd.local" time="0.0">
  <properties/>
  <testcase name="testVolume" classname="setup.BallTest" time="0.0"/>
  <system-out><![CDATA[]]></system-out>
  <system-err><![CDATA[]]></system-err>
</testsuite>
