<?xml version="1.0" encoding="UTF-8"?>
<testsuite name="graph.scriptTestRunner.ScriptFileTests" tests="12" skipped="0" failures="0" errors="0" timestamp="2022-02-23T21:51:55" hostname="ddd.local" time="0.152">
  <properties/>
  <testcase name="checkOutput[emptyGraph]" classname="graph.scriptTestRunner.ScriptFileTests" time="0.044"/>
  <testcase name="checkOutput[exampleTest2]" classname="graph.scriptTestRunner.ScriptFileTests" time="0.076"/>
  <testcase name="checkOutput[twoNodeMultiple]" classname="graph.scriptTestRunner.ScriptFileTests" time="0.004"/>
  <testcase name="checkOutput[oneNodeEdgeTwoGraph]" classname="graph.scriptTestRunner.ScriptFileTests" time="0.002"/>
  <testcase name="checkOutput[twoNodeEdgeTwoGraph]" classname="graph.scriptTestRunner.ScriptFileTests" time="0.003"/>
  <testcase name="checkOutput[twoNode]" classname="graph.scriptTestRunner.ScriptFileTests" time="0.003"/>
  <testcase name="checkOutput[twoNodeEdges]" classname="graph.scriptTestRunner.ScriptFileTests" time="0.003"/>
  <testcase name="checkOutput[twoNodeTwoEdgeTwoGraph]" classname="graph.scriptTestRunner.ScriptFileTests" time="0.003"/>
  <testcase name="checkOutput[exampleTest1]" classname="graph.scriptTestRunner.ScriptFileTests" time="0.002"/>
  <testcase name="checkOutput[oneNodeGraph]" classname="graph.scriptTestRunner.ScriptFileTests" time="0.002"/>
  <testcase name="checkOutput[twoNodeTwoGraph]" classname="graph.scriptTestRunner.ScriptFileTests" time="0.003"/>
  <testcase name="checkOutput[oneNodeEdge]" classname="graph.scriptTestRunner.ScriptFileTests" time="0.002"/>
  <system-out><![CDATA[]]></system-out>
  <system-err><![CDATA[]]></system-err>
</testsuite>
